2026年 7月 6日 星期一 23时20分34秒 CST: Newsletter tick started
2026年 7月 6日 星期一 23时20分35秒 CST: Fetching subscribers...
  3 subscribers
2026年 7月 6日 星期一 23时20分36秒 CST: Gathering articles...
2026年 7月 6日 星期一 23时20分53秒 CST: Generated newsletter (    1135 bytes)
2026年 7月 6日 星期一 23时20分54秒 CST: Sending to 3 recipients via Resend...
{"statusCode":422,"name":"validation_error","message":"Invalid `bcc` field. The email address needs to follow the `email@example.com` or `Name <email@example.com>` format."}2026年 7月 6日 星期一 23时20分58秒 CST: Newsletter sent!
2026年 7月 6日 星期一 23时20分58秒 CST: Tick finished
2026年 7月 6日 星期一 23时21分29秒 CST: Newsletter tick started
2026年 7月 6日 星期一 23时21分29秒 CST: Fetching subscribers...
  3 subscribers
2026年 7月 6日 星期一 23时21分31秒 CST: Gathering articles...
2026年 7月 6日 星期一 23时21分49秒 CST: Generated newsletter (    8070 bytes)
2026年 7月 6日 星期一 23时21分50秒 CST: Sending to 3 recipients via Resend...
{"statusCode":422,"name":"validation_error","message":"Invalid `bcc` field. The email address needs to follow the `email@example.com` or `Name <email@example.com>` format."}2026年 7月 6日 星期一 23时21分53秒 CST: Newsletter sent!
2026年 7月 6日 星期一 23时21分53秒 CST: Tick finished
2026年 7月 6日 星期一 23时22分14秒 CST: Newsletter tick started
2026年 7月 6日 星期一 23时22分14秒 CST: Fetching subscribers...
  3 subscribers
2026年 7月 6日 星期一 23时22分16秒 CST: Gathering articles...
2026年 7月 6日 星期一 23时22分29秒 CST: Generated newsletter (    8070 bytes)
2026年 7月 6日 星期一 23时22分30秒 CST: Sending to 3 recipients via Resend...
{"statusCode":403,"message":"The brothcalm.com domain is not verified. Please, add and verify your domain on https://resend.com/domains","name":"validation_error"}
2026年 7月 6日 星期一 23时22分32秒 CST: Newsletter sent!
2026年 7月 6日 星期一 23时22分32秒 CST: Tick finished
2026年 7月 6日 星期一 23时22分49秒 CST: Newsletter tick started
2026年 7月 6日 星期一 23时22分49秒 CST: Fetching subscribers...
  3 subscribers
2026年 7月 6日 星期一 23时22分51秒 CST: Gathering articles...
2026年 7月 6日 星期一 23时23分03秒 CST: Generated newsletter (    8070 bytes)
2026年 7月 6日 星期一 23时23分04秒 CST: Sending to 3 recipients via Resend...
{"id":"38c64018-8efc-4069-a595-25476e3f949d"}
2026年 7月 6日 星期一 23时23分06秒 CST: Newsletter sent!
2026年 7月 6日 星期一 23时23分06秒 CST: Tick finished
